Arguments: 
  /home/well/.nvm/versions/node/v16.13.2/bin/node /home/well/.nvm/versions/node/v16.13.2/bin/yarn add @types/ts-node-dev

PATH: 
  /home/well/.nvm/versions/node/v16.13.2/bin:/usr/local/sbin:/usr/local/bin:/usr/sbin:/usr/bin:/sbin:/bin:/usr/games:/usr/local/games:/snap/bin:/snap/bin

Yarn version: 
  1.22.17

Node version: 
  16.13.2

Platform: 
  linux x64

Trace: 
  Error: https://registry.yarnpkg.com/@types%2fts-node-dev: Not found
      at Request.params.callback [as _callback] (/home/well/.nvm/versions/node/v16.13.2/lib/node_modules/yarn/lib/cli.js:67029:18)
      at Request.self.callback (/home/well/.nvm/versions/node/v16.13.2/lib/node_modules/yarn/lib/cli.js:140883:22)
      at Request.emit (node:events:390:28)
      at Request.<anonymous> (/home/well/.nvm/versions/node/v16.13.2/lib/node_modules/yarn/lib/cli.js:141855:10)
      at Request.emit (node:events:390:28)
      at IncomingMessage.<anonymous> (/home/well/.nvm/versions/node/v16.13.2/lib/node_modules/yarn/lib/cli.js:141777:12)
      at Object.onceWrapper (node:events:509:28)
      at IncomingMessage.emit (node:events:402:35)
      at endReadableNT (node:internal/streams/readable:1343:12)
      at processTicksAndRejections (node:internal/process/task_queues:83:21)

npm manifest: 
  {
    "dependencies": {
      "@prisma/client": "3.12.0",
      "prisma": "^3.12.0"
    }
  }

yarn manifest: 
  No manifest

Lockfile: 
  # THIS IS AN AUTOGENERATED FILE. DO NOT EDIT THIS FILE DIRECTLY.
  # yarn lockfile v1
  
  
  "@prisma/client@3.12.0":
    version "3.12.0"
    resolved "https://registry.yarnpkg.com/@prisma/client/-/client-3.12.0.tgz#a0eb49ffea5c128dd11dffb896d7139a60073d12"
    integrity sha512-4NEQjUcWja/NVBvfuDFscWSk1/rXg3+wj+TSkqXCb1tKlx/bsUE00rxsvOvGg7VZ6lw1JFpGkwjwmsOIc4zvQw==
    dependencies:
      "@prisma/engines-version" "3.12.0-37.22b822189f46ef0dc5c5b503368d1bee01213980"
  
  "@prisma/engines-version@3.12.0-37.22b822189f46ef0dc5c5b503368d1bee01213980":
    version "3.12.0-37.22b822189f46ef0dc5c5b503368d1bee01213980"
    resolved "https://registry.yarnpkg.com/@prisma/engines-version/-/engines-version-3.12.0-37.22b822189f46ef0dc5c5b503368d1bee01213980.tgz#829ca3d9d0d92555f44644606d4edfd45b2f5886"
    integrity sha512-o+jo8d7ZEiVpcpNWUDh3fj2uPQpBxl79XE9ih9nkogJbhw6P33274SHnqheedZ7PyvPIK/mvU8MLNYgetgXPYw==
  
  "@prisma/engines@3.12.0-37.22b822189f46ef0dc5c5b503368d1bee01213980":
    version "3.12.0-37.22b822189f46ef0dc5c5b503368d1bee01213980"
    resolved "https://registry.yarnpkg.com/@prisma/engines/-/engines-3.12.0-37.22b822189f46ef0dc5c5b503368d1bee01213980.tgz#e52e364084c4d05278f62768047b788665e64a45"
    integrity sha512-zULjkN8yhzS7B3yeEz4aIym4E2w1ChrV12i14pht3ePFufvsAvBSoZ+tuXMvfSoNTgBS5E4bolRzLbMmbwkkMQ==
  
  prisma@^3.12.0:
    version "3.12.0"
    resolved "https://registry.yarnpkg.com/prisma/-/prisma-3.12.0.tgz#9675e0e72407122759d3eadcb6d27cdccd3497bd"
    integrity sha512-ltCMZAx1i0i9xuPM692Srj8McC665h6E5RqJom999sjtVSccHSD8Z+HSdBN2183h9PJKvC5dapkn78dd0NWMBg==
    dependencies:
      "@prisma/engines" "3.12.0-37.22b822189f46ef0dc5c5b503368d1bee01213980"
